<?xml version="1.0" encoding="UTF-8"?>
<testsuite xmlns:xsi="http://www.w3.org/2001/XMLSchema-instance" xsi:noNamespaceSchemaLocation="https://maven.apache.org/surefire/maven-surefire-plugin/xsd/surefire-test-report.xsd" version="3.0.2" name="org.domain.PositionTest" time="0.021" tests="6" errors="0" skipped="0" failures="0">
  <properties>
[...]
</properties>
  <testcase name="testIsValid(int, int, int, boolean)[1]" classname="org.domain.PositionTest" time="0.015"/>
  <testcase name="testIsValid(int, int, int, boolean)[2]" classname="org.domain.PositionTest" time="0.001"/>
  <testcase name="testIsValid(int, int, int, boolean)[3]" classname="org.domain.PositionTest" time="0.001"/>
  <testcase name="testIsValid(int, int, int, boolean)[4]" classname="org.domain.PositionTest" time="0.001"/>
  <testcase name="testIsValid(int, int, int, boolean)[5]" classname="org.domain.PositionTest" time="0.001"/>
  <testcase name="testIsValid(int, int, int, boolean)[6]" classname="org.domain.PositionTest" time="0.0"/>
</testsuite>